<?xml version="1.0" encoding="UTF-8"?>
<testng-results ignored="0" total="1" passed="1" failed="0" skipped="0">
  <reporter-output>
  </reporter-output>
  <suite started-at="2023-04-09T01:09:57 BDT" name="Suite" finished-at="2023-04-09T01:11:01 BDT" duration-ms="63818">
    <groups>
    </groups>
    <test started-at="2023-04-09T01:09:57 BDT" name="Test" finished-at="2023-04-09T01:11:01 BDT" duration-ms="63818">
      <class name="Tests.WafiLifeTest">
        <test-method is-config="true" signature="setBrowser()[pri:0, instance:Tests.WafiLifeTest@352c1b98]" started-at="2023-04-09T01:09:57 BDT" name="setBrowser" finished-at="2023-04-09T01:10:03 BDT" duration-ms="5998" status="PASS">
          <reporter-output>
          </reporter-output>
        </test-method> <!-- setBrowser -->
        <test-method signature="visitWafilife()[pri:0, instance:Tests.WafiLifeTest@352c1b98]" started-at="2023-04-09T01:10:03 BDT" name="visitWafilife" finished-at="2023-04-09T01:11:00 BDT" duration-ms="57205" status="PASS">
          <reporter-output>
          </reporter-output>
        </test-method> <!-- visitWafilife -->
        <test-method is-config="true" signature="quitBrowser()[pri:0, instance:Tests.WafiLifeTest@352c1b98]" started-at="2023-04-09T01:11:00 BDT" name="quitBrowser" finished-at="2023-04-09T01:11:01 BDT" duration-ms="328" status="PASS">
          <reporter-output>
          </reporter-output>
        </test-method> <!-- quitBrowser -->
      </class> <!-- Tests.WafiLifeTest -->
    </test> <!-- Test -->
  </suite> <!-- Suite -->
</testng-results>
