<?xml version="1.0" encoding="UTF-8"?>
<testng-results ignored="0" total="1" passed="1" failed="0" skipped="0">
  <reporter-output>
  </reporter-output>
  <suite started-at="2023-04-07T02:03:29 BDT" name="Default suite" finished-at="2023-04-07T02:04:29 BDT" duration-ms="59775">
    <groups>
    </groups>
    <test started-at="2023-04-07T02:03:29 BDT" name="Default test" finished-at="2023-04-07T02:04:29 BDT" duration-ms="59775">
      <class name="Tests.WafiLifeTest">
        <test-method is-config="true" signature="setBrowser()[pri:0, instance:Tests.WafiLifeTest@6bd61f98]" started-at="2023-04-07T02:03:29 BDT" name="setBrowser" finished-at="2023-04-07T02:03:33 BDT" duration-ms="3952" status="PASS">
          <reporter-output>
          </reporter-output>
        </test-method> <!-- setBrowser -->
        <test-method signature="visitWafilife()[pri:0, instance:Tests.WafiLifeTest@6bd61f98]" started-at="2023-04-07T02:03:33 BDT" name="visitWafilife" finished-at="2023-04-07T02:04:29 BDT" duration-ms="55404" status="PASS">
          <reporter-output>
          </reporter-output>
        </test-method> <!-- visitWafilife -->
        <test-method is-config="true" signature="quitBrowser()[pri:0, instance:Tests.WafiLifeTest@6bd61f98]" started-at="2023-04-07T02:04:29 BDT" name="quitBrowser" finished-at="2023-04-07T02:04:29 BDT" duration-ms="339" status="PASS">
          <reporter-output>
          </reporter-output>
        </test-method> <!-- quitBrowser -->
      </class> <!-- Tests.WafiLifeTest -->
    </test> <!-- Default test -->
  </suite> <!-- Default suite -->
</testng-results>
